Log file open, 06/21/20 20:39:59
LogWindows: Failed to load 'aqProf.dll' (GetLastError=126)
LogWindows: File 'aqProf.dll' does not exist
LogWindows: Failed to load 'VtuneApi.dll' (GetLastError=126)
LogWindows: File 'VtuneApi.dll' does not exist
LogWindows: Failed to load 'VtuneApi32e.dll' (GetLastError=126)
LogWindows: File 'VtuneApi32e.dll' does not exist
LogConsoleResponse: Display: Failed to find resolution value strings in scalability ini. Falling back to default.
LogInit: Display: Running engine for game: GameTypeOne
LogPlatformFile: Not using cached read wrapper
LogTaskGraph: Started task graph with 5 named threads and 47 total threads with 3 sets of task threads.
LogStats: Stats thread started at 0.054076
LogD3D11RHI: Loaded GFSDK_Aftermath_Lib.x64.dll
LogICUInternationalization: ICU TimeZone Detection - Raw Offset: +1:00, Platform Override: ''
LogPluginManager: Mounting plugin Paper2D
LogPluginManager: Mounting plugin AISupport
LogPluginManager: Mounting plugin LightPropagationVolume
LogPluginManager: Mounting plugin ActorLayerUtilities
LogPluginManager: Mounting plugin AnimationSharing
LogPluginManager: Mounting plugin CLionSourceCodeAccess
LogPluginManager: Mounting plugin CodeLiteSourceCodeAccess
LogPluginManager: Mounting plugin GitSourceControl
LogPluginManager: Mounting plugin KDevelopSourceCodeAccess
LogPluginManager: Mounting plugin NullSourceCodeAccess
LogPluginManager: Mounting plugin PerforceSourceControl
LogPluginManager: Mounting plugin PlasticSourceControl
LogPluginManager: Mounting plugin SubversionSourceControl
LogPluginManager: Mounting plugin UObjectPlugin
LogPluginManager: Mounting plugin VisualStudioCodeSourceCodeAccess
LogPluginManager: Mounting plugin VisualStudioSourceCodeAccess
LogPluginManager: Mounting plugin XCodeSourceCodeAccess
LogPluginManager: Mounting plugin AssetManagerEditor
LogPluginManager: Mounting plugin CryptoKeys
LogPluginManager: Mounting plugin CurveEditorTools
LogPluginManager: Mounting plugin DataValidation
LogPluginManager: Mounting plugin FacialAnimation
LogPluginManager: Mounting plugin GameplayTagsEditor
LogPluginManager: Mounting plugin MacGraphicsSwitching
LogPluginManager: Mounting plugin MaterialAnalyzer
LogPluginManager: Mounting plugin MobileLauncherProfileWizard
LogPluginManager: Mounting plugin PluginBrowser
LogPluginManager: Mounting plugin SpeedTreeImporter
LogPluginManager: Mounting plugin DatasmithContent
LogPluginManager: Mounting plugin VariantManagerContent
LogPluginManager: Mounting plugin AlembicImporter
LogPluginManager: Mounting plugin AutomationUtils
LogPluginManager: Mounting plugin BackChannel
LogPluginManager: Mounting plugin CharacterAI
LogPluginManager: Mounting plugin GeometryCache
LogPluginManager: Mounting plugin PlatformCrypto
LogPluginManager: Mounting plugin ProxyLODPlugin
LogPluginManager: Mounting plugin SkeletalReduction
LogPluginManager: Mounting plugin MagicLeap
LogPluginManager: Mounting plugin MagicLeapMedia
LogPluginManager: Mounting plugin MLSDK
LogPluginManager: Mounting plugin AndroidMedia
LogPluginManager: Mounting plugin AvfMedia
LogPluginManager: Mounting plugin ImgMedia
LogPluginManager: Mounting plugin MediaCompositing
LogPluginManager: Mounting plugin MediaPlayerEditor
LogPluginManager: Mounting plugin WebMMedia
LogPluginManager: Mounting plugin WmfMedia
LogPluginManager: Mounting plugin TcpMessaging
LogPluginManager: Mounting plugin UdpMessaging
LogPluginManager: Mounting plugin ActorSequence
LogPluginManager: Mounting plugin LevelSequenceEditor
LogPluginManager: Mounting plugin MatineeToLevelSequence
LogPluginManager: Mounting plugin NetcodeUnitTest
LogPluginManager: Mounting plugin NUTUnrealEngine4
LogPluginManager: Mounting plugin OnlineSubsystemGooglePlay
LogPluginManager: Mounting plugin OnlineSubsystemIOS
LogPluginManager: Mounting plugin OnlineSubsystem
LogPluginManager: Mounting plugin OnlineSubsystemNull
LogPluginManager: Mounting plugin OnlineSubsystemUtils
LogPluginManager: Mounting plugin LauncherChunkInstaller
LogPluginManager: Mounting plugin AndroidDeviceProfileSelector
LogPluginManager: Mounting plugin AndroidMoviePlayer
LogPluginManager: Mounting plugin AndroidPermission
LogPluginManager: Mounting plugin AppleImageUtils
LogPluginManager: Mounting plugin AppleMoviePlayer
LogPluginManager: Mounting plugin ArchVisCharacter
LogPluginManager: Mounting plugin AssetTags
LogPluginManager: Mounting plugin AudioCapture
LogPluginManager: Mounting plugin CableComponent
LogPluginManager: Mounting plugin CustomMeshComponent
LogPluginManager: Mounting plugin EditableMesh
LogPluginManager: Mounting plugin ExampleDeviceProfileSelector
LogPluginManager: Mounting plugin GoogleCloudMessaging
LogPluginManager: Mounting plugin IOSDeviceProfileSelector
LogPluginManager: Mounting plugin LinuxDeviceProfileSelector
LogPluginManager: Mounting plugin LocationServicesBPLibrary
LogPluginManager: Mounting plugin MobilePatchingUtils
LogPluginManager: Mounting plugin OculusVR
LogPluginManager: Mounting plugin PhysXVehicles
LogPluginManager: Mounting plugin PostSplashScreen
LogPluginManager: Mounting plugin ProceduralMeshComponent
LogPluginManager: Mounting plugin RuntimePhysXCooking
LogPluginManager: Mounting plugin SignificanceManager
LogPluginManager: Mounting plugin SteamVR
LogPluginManager: Mounting plugin WebMMoviePlayer
LogPluginManager: Mounting plugin WindowsMoviePlayer
LogPluginManager: Mounting plugin ScreenshotTools
LogInit: Using libcurl 7.55.1-DEV
LogInit:  - built for x86_64-pc-win32
LogInit:  - supports SSL with OpenSSL/1.1.1
LogInit:  - supports HTTP deflate (compression) using libz 1.2.8
LogInit:  - other features:
LogInit:      CURL_VERSION_SSL
LogInit:      CURL_VERSION_LIBZ
LogInit:      CURL_VERSION_IPV6
LogInit:      CURL_VERSION_ASYNCHDNS
LogInit:      CURL_VERSION_LARGEFILE
LogInit:      CURL_VERSION_IDN
LogInit:  CurlRequestOptions (configurable via config and command line):
LogInit:  - bVerifyPeer = true  - Libcurl will verify peer certificate
LogInit:  - bUseHttpProxy = false  - Libcurl will NOT use HTTP proxy
LogInit:  - bDontReuseConnections = false  - Libcurl will reuse connections
LogInit:  - MaxHostConnections = 16  - Libcurl will limit the number of connections to a host
LogInit:  - LocalHostAddr = Default
LogInit:  - BufferSize = 65536
LogOnline: OSS: Creating online subsystem instance for: NULL
LogInit: WinSock: version 1.1 (2.2), MaxSocks=32767, MaxUdp=65467
LogOnline: OSS: TryLoadSubsystemAndSetDefault: Loaded subsystem for module [NULL]
LogInit: Build: ++UE4+Release-4.24-CL-11590370
LogInit: Engine Version: 4.24.3-11590370+++UE4+Release-4.24
LogInit: Compatible Engine Version: 4.24.0-10570792+++UE4+Release-4.24
LogInit: Net CL: 10570792
LogInit: OS: Windows 10 (Release 1909) (), CPU: Intel(R) Core(TM) i9-9900K CPU @ 3.60GHz, GPU: NVIDIA GeForce GTX 1070
LogInit: Compiled (64-bit): Feb 24 2020 15:39:18
LogInit: Compiled with Visual C++: 19.16.27032.01
LogInit: Build Configuration: Development
LogInit: Branch Name: ++UE4+Release-4.24
LogInit: Command Line: 
LogInit: Base Directory: C:/Program Files/UE_4.24/Engine/Binaries/Win64/
LogInit: Installed Engine Build: 1
LogDevObjectVersion: Number of dev versions registered: 25
LogDevObjectVersion:   Dev-Blueprints (B0D832E4-1F89-4F0D-ACCF-7EB736FD4AA2): 10
LogDevObjectVersion:   Dev-Build (E1C64328-A22C-4D53-A36C-8E866417BD8C): 0
LogDevObjectVersion:   Dev-Core (375EC13C-06E4-48FB-B500-84F0262A717E): 3
LogDevObjectVersion:   Dev-Editor (E4B068ED-F494-42E9-A231-DA0B2E46BB41): 37
LogDevObjectVersion:   Dev-Framework (CFFC743F-43B0-4480-9391-14DF171D2073): 36
LogDevObjectVersion:   Dev-Mobile (B02B49B5-BB20-44E9-A304-32B752E40360): 2
LogDevObjectVersion:   Dev-Networking (A4E4105C-59A1-49B5-A7C5-40C4547EDFEE): 0
LogDevObjectVersion:   Dev-Online (39C831C9-5AE6-47DC-9A44-9C173E1C8E7C): 0
LogDevObjectVersion:   Dev-Physics (78F01B33-EBEA-4F98-B9B4-84EACCB95AA2): 2
LogDevObjectVersion:   Dev-Platform (6631380F-2D4D-43E0-8009-CF276956A95A): 0
LogDevObjectVersion:   Dev-Rendering (12F88B9F-8875-4AFC-A67C-D90C383ABD29): 36
LogDevObjectVersion:   Dev-Sequencer (7B5AE74C-D270-4C10-A958-57980B212A5A): 11
LogDevObjectVersion:   Dev-VR (D7296918-1DD6-4BDD-9DE2-64A83CC13884): 2
LogDevObjectVersion:   Dev-LoadTimes (C2A15278-BFE7-4AFE-6C17-90FF531DF755): 1
LogDevObjectVersion:   Private-Geometry (6EACA3D4-40EC-4CC1-B786-8BED09428FC5): 3
LogDevObjectVersion:   Dev-AnimPhys (29E575DD-E0A3-4627-9D10-D276232CDCEA): 17
LogDevObjectVersion:   Dev-Anim (AF43A65D-7FD3-4947-9873-3E8ED9C1BB05): 2
LogDevObjectVersion:   Dev-ReflectionCapture (6B266CEC-1EC7-4B8F-A30B-E4D90942FC07): 1
LogDevObjectVersion:   Dev-Automation (0DF73D61-A23F-47EA-B727-89E90C41499A): 1
LogDevObjectVersion:   FortniteMain (601D1886-AC64-4F84-AA16-D3DE0DEAC7D6): 31
LogDevObjectVersion:   Dev-Enterprise (9DFFBCD6-494F-0158-E221-12823C92A888): 8
LogDevObjectVersion:   Dev-Niagara (F2AED0AC-9AFE-416F-8664-AA7FFA26D6FC): 1
LogDevObjectVersion:   Dev-Destruction (174F1F0B-B4C6-45A5-B13F-2EE8D0FB917D): 9
LogDevObjectVersion:   Dev-Physics-Ext (35F94A83-E258-406C-A318-09F59610247C): 8
LogDevObjectVersion:   Dev-CineCamera (B2E18506-4273-CFC2-A54E-F4BB758BBA07): 1
LogInit: Presizing for max 25165824 objects, including 0 objects not considered by GC, pre-allocating 0 bytes for permanent pool.
LogInit: Object subsystem initialized
LogConfig: Setting CVar [[con.DebugEarlyDefault:1]]
LogConfig: Setting CVar [[r.setres:1280x720]]
[2020.06.21-18.39.59:515][  0]LogConfig: Setting CVar [[r.VSync:0]]
[2020.06.21-18.39.59:515][  0]LogConfig: Setting CVar [[r.RHICmdBypass:0]]
[2020.06.21-18.39.59:515][  0]LogConfig: Applying CVar settings from Section [/Script/Engine.RendererSettings] File [D:/00_Pablo/Documentos/Git/Uni/Tercero/LevelDesign/GameTypeOne/Saved/Config/Windows/Engine.ini]
[2020.06.21-18.39.59:515][  0]LogConfig: Setting CVar [[r.GPUCrashDebugging:0]]
[2020.06.21-18.39.59:515][  0]LogConfig: Applying CVar settings from Section [/Script/Engine.RendererOverrideSettings] File [D:/00_Pablo/Documentos/Git/Uni/Tercero/LevelDesign/GameTypeOne/Saved/Config/Windows/Engine.ini]
[2020.06.21-18.39.59:515][  0]LogConfig: Applying CVar settings from Section [/Script/Engine.StreamingSettings] File [D:/00_Pablo/Documentos/Git/Uni/Tercero/LevelDesign/GameTypeOne/Saved/Config/Windows/Engine.ini]
[2020.06.21-18.39.59:515][  0]LogConfig: Setting CVar [[s.MinBulkDataSizeForAsyncLoading:131072]]
[2020.06.21-18.39.59:515][  0]LogConfig: Setting CVar [[s.AsyncLoadingThreadEnabled:0]]
[2020.06.21-18.39.59:515][  0]LogConfig: Setting CVar [[s.EventDrivenLoaderEnabled:1]]
[2020.06.21-18.39.59:515][  0]LogConfig: Setting CVar [[s.WarnIfTimeLimitExceeded:0]]
[2020.06.21-18.39.59:515][  0]LogConfig: Setting CVar [[s.TimeLimitExceededMultiplier:1.5]]
[2020.06.21-18.39.59:515][  0]LogConfig: Setting CVar [[s.TimeLimitExceededMinTime:0.005]]
[2020.06.21-18.39.59:515][  0]LogConfig: Setting CVar [[s.UseBackgroundLevelStreaming:1]]
[2020.06.21-18.39.59:515][  0]LogConfig: Setting CVar [[s.PriorityAsyncLoadingExtraTime:15.0]]
[2020.06.21-18.39.59:515][  0]LogConfig: Setting CVar [[s.LevelStreamingActorsUpdateTimeLimit:5.0]]
[2020.06.21-18.39.59:515][  0]LogConfig: Setting CVar [[s.PriorityLevelStreamingActorsUpdateExtraTime:5.0]]
[2020.06.21-18.39.59:515][  0]LogConfig: Setting CVar [[s.LevelStreamingComponentsRegistrationGranularity:10]]
[2020.06.21-18.39.59:515][  0]LogConfig: Setting CVar [[s.UnregisterComponentsTimeLimit:1.0]]
[2020.06.21-18.39.59:515][  0]LogConfig: Setting CVar [[s.LevelStreamingComponentsUnregistrationGranularity:5]]
[2020.06.21-18.39.59:515][  0]LogConfig: Setting CVar [[s.FlushStreamingOnExit:1]]
[2020.06.21-18.39.59:515][  0]LogConfig: Applying CVar settings from Section [/Script/Engine.GarbageCollectionSettings] File [D:/00_Pablo/Documentos/Git/Uni/Tercero/LevelDesign/GameTypeOne/Saved/Config/Windows/Engine.ini]
[2020.06.21-18.39.59:515][  0]LogConfig: Setting CVar [[gc.MaxObjectsNotConsideredByGC:1]]
[2020.06.21-18.39.59:515][  0]LogConfig: Setting CVar [[gc.SizeOfPermanentObjectPool:0]]
[2020.06.21-18.39.59:515][  0]LogConfig: Setting CVar [[gc.FlushStreamingOnGC:0]]
[2020.06.21-18.39.59:515][  0]LogConfig: Setting CVar [[gc.NumRetriesBeforeForcingGC:10]]
[2020.06.21-18.39.59:515][  0]LogConfig: Setting CVar [[gc.AllowParallelGC:1]]
[2020.06.21-18.39.59:515][  0]LogConfig: Setting CVar [[gc.TimeBetweenPurgingPendingKillObjects:61.1]]
[2020.06.21-18.39.59:515][  0]LogConfig: Setting CVar [[gc.MaxObjectsInEditor:25165824]]
[2020.06.21-18.39.59:515][  0]LogConfig: Setting CVar [[gc.IncrementalBeginDestroyEnabled:1]]
[2020.06.21-18.39.59:515][  0]LogConfig: Setting CVar [[gc.CreateGCClusters:1]]
[2020.06.21-18.39.59:515][  0]LogConfig: Setting CVar [[gc.MinGCClusterSize:5]]
[2020.06.21-18.39.59:515][  0]LogConfig: Setting CVar [[gc.ActorClusteringEnabled:0]]
[2020.06.21-18.39.59:515][  0]LogConfig: Setting CVar [[gc.BlueprintClusteringEnabled:0]]
[2020.06.21-18.39.59:515][  0]LogConfig: Setting CVar [[gc.UseDisregardForGCOnDedicatedServers:0]]
[2020.06.21-18.39.59:515][  0]LogConfig: Applying CVar settings from Section [/Script/Engine.NetworkSettings] File [D:/00_Pablo/Documentos/Git/Uni/Tercero/LevelDesign/GameTypeOne/Saved/Config/Windows/Engine.ini]
[2020.06.21-18.39.59:515][  0]LogConfig: Applying CVar settings from Section [/Script/UnrealEd.CookerSettings] File [D:/00_Pablo/Documentos/Git/Uni/Tercero/LevelDesign/GameTypeOne/Saved/Config/Windows/Engine.ini]
[2020.06.21-18.39.59:520][  0]LogConfig: Applying CVar settings from Section [ViewDistanceQuality@3] File [D:/00_Pablo/Documentos/Git/Uni/Tercero/LevelDesign/GameTypeOne/Saved/Config/Windows/Scalability.ini]
[2020.06.21-18.39.59:520][  0]LogConfig: Setting CVar [[r.SkeletalMeshLODBias:0]]
[2020.06.21-18.39.59:520][  0]LogConfig: Setting CVar [[r.ViewDistanceScale:1.0]]
[2020.06.21-18.39.59:520][  0]LogConfig: Applying CVar settings from Section [AntiAliasingQuality@3] File [D:/00_Pablo/Documentos/Git/Uni/Tercero/LevelDesign/GameTypeOne/Saved/Config/Windows/Scalability.ini]
[2020.06.21-18.39.59:520][  0]LogConfig: Setting CVar [[r.PostProcessAAQuality:4]]
[2020.06.21-18.39.59:520][  0]LogConfig: Applying CVar settings from Section [ShadowQuality@3] File [D:/00_Pablo/Documentos/Git/Uni/Tercero/LevelDesign/GameTypeOne/Saved/Config/Windows/Scalability.ini]
[2020.06.21-18.39.59:520][  0]LogConfig: Setting CVar [[r.LightFunctionQuality:1]]
[2020.06.21-18.39.59:520][  0]LogConfig: Setting CVar [[r.ShadowQuality:5]]
[2020.06.21-18.39.59:520][  0]LogConfig: Setting CVar [[r.Shadow.CSM.MaxCascades:10]]
[2020.06.21-18.39.59:520][  0]LogConfig: Setting CVar [[r.Shadow.MaxResolution:2048]]
[2020.06.21-18.39.59:520][  0]LogConfig: Setting CVar [[r.Shadow.MaxCSMResolution:2048]]
[2020.06.21-18.39.59:520][  0]LogConfig: Setting CVar [[r.Shadow.RadiusThreshold:0.01]]
[2020.06.21-18.39.59:520][  0]LogConfig: Setting CVar [[r.Shadow.DistanceScale:1.0]]
[2020.06.21-18.39.59:520][  0]LogConfig: Setting CVar [[r.Shadow.CSM.TransitionScale:1.0]]
[2020.06.21-18.39.59:520][  0]LogConfig: Setting CVar [[r.Shadow.PreShadowResolutionFactor:1.0]]
[2020.06.21-18.39.59:520][  0]LogConfig: Setting CVar [[r.DistanceFieldShadowing:1]]
[2020.06.21-18.39.59:520][  0]LogConfig: Setting CVar [[r.DistanceFieldAO:1]]
[2020.06.21-18.39.59:520][  0]LogConfig: Setting CVar [[r.AOQuality:2]]
[2020.06.21-18.39.59:520][  0]LogConfig: Setting CVar [[r.VolumetricFog:1]]
[2020.06.21-18.39.59:520][  0]LogConfig: Setting CVar [[r.VolumetricFog.GridPixelSize:8]]
[2020.06.21-18.39.59:520][  0]LogConfig: Setting CVar [[r.VolumetricFog.GridSizeZ:128]]
[2020.06.21-18.39.59:520][  0]LogConfig: Setting CVar [[r.VolumetricFog.HistoryMissSupersampleCount:4]]
[2020.06.21-18.39.59:520][  0]LogConfig: Setting CVar [[r.LightMaxDrawDistanceScale:1]]
[2020.06.21-18.39.59:521][  0]LogConfig: Setting CVar [[r.CapsuleShadows:1]]
[2020.06.21-18.39.59:521][  0]LogConfig: Applying CVar settings from Section [PostProcessQuality@3] File [D:/00_Pablo/Documentos/Git/Uni/Tercero/LevelDesign/GameTypeOne/Saved/Config/Windows/Scalability.ini]
[2020.06.21-18.39.59:521][  0]LogConfig: Setting CVar [[r.MotionBlurQuality:4]]
[2020.06.21-18.39.59:521][  0]LogConfig: Setting CVar [[r.AmbientOcclusionMipLevelFactor:0.4]]
[2020.06.21-18.39.59:521][  0]LogConfig: Setting CVar [[r.AmbientOcclusionMaxQuality:100]]
[2020.06.21-18.39.59:521][  0]LogConfig: Setting CVar [[r.AmbientOcclusionLevels:-1]]
[2020.06.21-18.39.59:521][  0]LogConfig: Setting CVar [[r.AmbientOcclusionRadiusScale:1.0]]
[2020.06.21-18.39.59:521][  0]LogConfig: Setting CVar [[r.DepthOfFieldQuality:2]]
[2020.06.21-18.39.59:521][  0]LogConfig: Setting CVar [[r.RenderTargetPoolMin:400]]
[2020.06.21-18.39.59:521][  0]LogConfig: Setting CVar [[r.LensFlareQuality:2]]
[2020.06.21-18.39.59:521][  0]LogConfig: Setting CVar [[r.SceneColorFringeQuality:1]]
[2020.06.21-18.39.59:521][  0]LogConfig: Setting CVar [[r.EyeAdaptationQuality:2]]
[2020.06.21-18.39.59:521][  0]LogConfig: Setting CVar [[r.BloomQuality:5]]
[2020.06.21-18.39.59:521][  0]LogConfig: Setting CVar [[r.FastBlurThreshold:100]]
[2020.06.21-18.39.59:521][  0]LogConfig: Setting CVar [[r.Upscale.Quality:3]]
[2020.06.21-18.39.59:521][  0]LogConfig: Setting CVar [[r.Tonemapper.GrainQuantization:1]]
[2020.06.21-18.39.59:521][  0]LogConfig: Setting CVar [[r.LightShaftQuality:1]]
[2020.06.21-18.39.59:521][  0]LogConfig: Setting CVar [[r.Filter.SizeScale:1]]
[2020.06.21-18.39.59:521][  0]LogConfig: Setting CVar [[r.Tonemapper.Quality:5]]
[2020.06.21-18.39.59:521][  0]LogConfig: Setting CVar [[r.DOF.Gather.AccumulatorQuality:1        ; higher gathering accumulator quality]]
[2020.06.21-18.39.59:521][  0]LogConfig: Setting CVar [[r.DOF.Gather.PostfilterMethod:1          ; Median3x3 postfilering method]]
[2020.06.21-18.39.59:521][  0]LogConfig: Setting CVar [[r.DOF.Gather.EnableBokehSettings:0       ; no bokeh simulation when gathering]]
[2020.06.21-18.39.59:521][  0]LogConfig: Setting CVar [[r.DOF.Gather.RingCount:4                 ; medium number of samples when gathering]]
[2020.06.21-18.39.59:521][  0]LogConfig: Setting CVar [[r.DOF.Scatter.ForegroundCompositing:1    ; additive foreground scattering]]
[2020.06.21-18.39.59:521][  0]LogConfig: Setting CVar [[r.DOF.Scatter.BackgroundCompositing:2    ; additive background scattering]]
[2020.06.21-18.39.59:521][  0]LogConfig: Setting CVar [[r.DOF.Scatter.EnableBokehSettings:1      ; bokeh simulation when scattering]]
[2020.06.21-18.39.59:521][  0]LogConfig: Setting CVar [[r.DOF.Scatter.MaxSpriteRatio:0.1         ; only a maximum of 10% of scattered bokeh]]
[2020.06.21-18.39.59:521][  0]LogConfig: Setting CVar [[r.DOF.Recombine.Quality:1                ; cheap slight out of focus]]
[2020.06.21-18.39.59:521][  0]LogConfig: Setting CVar [[r.DOF.Recombine.EnableBokehSettings:0    ; no bokeh simulation on slight out of focus]]
[2020.06.21-18.39.59:521][  0]LogConfig: Setting CVar [[r.DOF.TemporalAAQuality:1                ; more stable temporal accumulation]]
[2020.06.21-18.39.59:521][  0]LogConfig: Setting CVar [[r.DOF.Kernel.MaxForegroundRadius:0.025]]
[2020.06.21-18.39.59:521][  0]LogConfig: Setting CVar [[r.DOF.Kernel.MaxBackgroundRadius:0.025]]
[2020.06.21-18.39.59:521][  0]LogConfig: Applying CVar settings from Section [TextureQuality@3] File [D:/00_Pablo/Documentos/Git/Uni/Tercero/LevelDesign/GameTypeOne/Saved/Config/Windows/Scalability.ini]
[2020.06.21-18.39.59:521][  0]LogConfig: Setting CVar [[r.Streaming.MipBias:0]]
[2020.06.21-18.39.59:521][  0]LogConfig: Setting CVar [[r.Streaming.AmortizeCPUToGPUCopy:0]]
[2020.06.21-18.39.59:521][  0]LogConfig: Setting CVar [[r.Streaming.MaxNumTexturesToStreamPerFrame:0]]
[2020.06.21-18.39.59:521][  0]LogConfig: Setting CVar [[r.Streaming.Boost:1]]
[2020.06.21-18.39.59:521][  0]LogConfig: Setting CVar [[r.MaxAnisotropy:8]]
[2020.06.21-18.39.59:521][  0]LogConfig: Setting CVar [[r.VT.MaxAnisotropy:8]]
[2020.06.21-18.39.59:521][  0]LogConfig: Setting CVar [[r.Streaming.LimitPoolSizeToVRAM:0]]
[2020.06.21-18.39.59:521][  0]LogConfig: Setting CVar [[r.Streaming.PoolSize:1000]]
[2020.06.21-18.39.59:521][  0]LogConfig: Setting CVar [[r.Streaming.MaxEffectiveScreenSize:0]]
[2020.06.21-18.39.59:521][  0]LogConfig: Applying CVar settings from Section [EffectsQuality@3] File [D:/00_Pablo/Documentos/Git/Uni/Tercero/LevelDesign/GameTypeOne/Saved/Config/Windows/Scalability.ini]
[2020.06.21-18.39.59:521][  0]LogConfig: Setting CVar [[r.TranslucencyLightingVolumeDim:64]]
[2020.06.21-18.39.59:521][  0]LogConfig: Setting CVar [[r.RefractionQuality:2]]
[2020.06.21-18.39.59:521][  0]LogConfig: Setting CVar [[r.SSR.Quality:3]]
[2020.06.21-18.39.59:521][  0]LogConfig: Setting CVar [[r.SSR.HalfResSceneColor:0]]
[2020.06.21-18.39.59:521][  0]LogConfig: Setting CVar [[r.SceneColorFormat:4]]
[2020.06.21-18.39.59:521][  0]LogConfig: Setting CVar [[r.DetailMode:2]]
[2020.06.21-18.39.59:521][  0]LogConfig: Setting CVar [[r.TranslucencyVolumeBlur:1]]
[2020.06.21-18.39.59:521][  0]LogConfig: Setting CVar [[r.MaterialQualityLevel:1 ; High quality]]
[2020.06.21-18.39.59:521][  0]LogConfig: Setting CVar [[r.SSS.Scale:1]]
[2020.06.21-18.39.59:521][  0]LogConfig: Setting CVar [[r.SSS.SampleSet:2]]
[2020.06.21-18.39.59:521][  0]LogConfig: Setting CVar [[r.SSS.Quality:1]]
[2020.06.21-18.39.59:521][  0]LogConfig: Setting CVar [[r.SSS.HalfRes:1]]
[2020.06.21-18.39.59:521][  0]LogConfig: Setting CVar [[r.SSGI.Quality:3]]
[2020.06.21-18.39.59:521][  0]LogConfig: Setting CVar [[r.EmitterSpawnRateScale:1.0]]
[2020.06.21-18.39.59:521][  0]LogConfig: Setting CVar [[r.ParticleLightQuality:2]]
[2020.06.21-18.39.59:521][  0]LogConfig: Setting CVar [[r.SkyAtmosphere.AerialPerspectiveLUT.FastApplyOnOpaque:1 ; Always have FastSkyLUT 1 in this case to avoid wrong sky]]
[2020.06.21-18.39.59:521][  0]LogConfig: Setting CVar [[r.SkyAtmosphere.AerialPerspectiveLUT.SampleCountPerSlice:1]]
[2020.06.21-18.39.59:521][  0]LogConfig: Setting CVar [[r.SkyAtmosphere.AerialPerspectiveLUT.DepthResolution:16.0]]
[2020.06.21-18.39.59:521][  0]LogConfig: Setting CVar [[r.SkyAtmosphere.FastSkyLUT:1]]
[2020.06.21-18.39.59:521][  0]LogConfig: Setting CVar [[r.SkyAtmosphere.FastSkyLUT.SampleCountMin:4.0]]
[2020.06.21-18.39.59:521][  0]LogConfig: Setting CVar [[r.SkyAtmosphere.FastSkyLUT.SampleCountMax:32.0]]
[2020.06.21-18.39.59:521][  0]LogConfig: Setting CVar [[r.SkyAtmosphere.SampleCountMin:4.0]]
[2020.06.21-18.39.59:521][  0]LogConfig: Setting CVar [[r.SkyAtmosphere.SampleCountMax:32.0]]
[2020.06.21-18.39.59:521][  0]LogConfig: Setting CVar [[r.SkyAtmosphere.TransmittanceLUT.UseSmallFormat:0]]
[2020.06.21-18.39.59:521][  0]LogConfig: Setting CVar [[r.SkyAtmosphere.TransmittanceLUT.SampleCount:10.0]]
[2020.06.21-18.39.59:521][  0]LogConfig: Setting CVar [[r.SkyAtmosphere.MultiScatteringLUT.SampleCount:15.0]]
[2020.06.21-18.39.59:521][  0]LogConfig: Applying CVar settings from Section [FoliageQuality@3] File [D:/00_Pablo/Documentos/Git/Uni/Tercero/LevelDesign/GameTypeOne/Saved/Config/Windows/Scalability.ini]
[2020.06.21-18.39.59:521][  0]LogConfig: Setting CVar [[foliage.DensityScale:1.0]]
[2020.06.21-18.39.59:521][  0]LogConfig: Setting CVar [[grass.DensityScale:1.0]]
[2020.06.21-18.39.59:521][  0]LogConfig: Applying CVar settings from Section [ShadingQuality@3] File [D:/00_Pablo/Documentos/Git/Uni/Tercero/LevelDesign/GameTypeOne/Saved/Config/Windows/Scalability.ini]
[2020.06.21-18.39.59:521][  0]LogConfig: Setting CVar [[r.HairStrands.SkyLighting.SampleCount:16]]
[2020.06.21-18.39.59:521][  0]LogConfig: Setting CVar [[r.HairStrands.SkyLighting.JitterIntegration:0]]
[2020.06.21-18.39.59:521][  0]LogConfig: Setting CVar [[r.HairStrands.SkyAO.SampleCount:16]]
[2020.06.21-18.39.59:521][  0]LogInit: Selected Device Profile: [Windows]
[2020.06.21-18.39.59:521][  0]LogInit: Applying CVar settings loaded from the selected device profile: [Windows]
[2020.06.21-18.39.59:524][  0]LogHAL: Display: Platform has ~ 16 GB [17096433664 / 17179869184 / 16], which maps to Larger [LargestMinGB=32, LargerMinGB=12, DefaultMinGB=8, SmallerMinGB=6, SmallestMinGB=0)
[2020.06.21-18.39.59:524][  0]LogInit: Going up to parent DeviceProfile []
[2020.06.21-18.39.59:524][  0]LogConfig: Applying CVar settings from Section [ViewDistanceQuality@3] File [D:/00_Pablo/Documentos/Git/Uni/Tercero/LevelDesign/GameTypeOne/Saved/Config/Windows/Scalability.ini]
[2020.06.21-18.39.59:524][  0]LogConfig: Setting CVar [[r.SkeletalMeshLODBias:0]]
[2020.06.21-18.39.59:524][  0]LogConfig: Setting CVar [[r.ViewDistanceScale:1.0]]
[2020.06.21-18.39.59:524][  0]LogConfig: Applying CVar settings from Section [AntiAliasingQuality@3] File [D:/00_Pablo/Documentos/Git/Uni/Tercero/LevelDesign/GameTypeOne/Saved/Config/Windows/Scalability.ini]
[2020.06.21-18.39.59:524][  0]LogConfig: Setting CVar [[r.PostProcessAAQuality:4]]
[2020.06.21-18.39.59:524][  0]LogConfig: Applying CVar settings from Section [ShadowQuality@3] File [D:/00_Pablo/Documentos/Git/Uni/Tercero/LevelDesign/GameTypeOne/Saved/Config/Windows/Scalability.ini]
[2020.06.21-18.39.59:524][  0]LogConfig: Setting CVar [[r.LightFunctionQuality:1]]
[2020.06.21-18.39.59:524][  0]LogConfig: Setting CVar [[r.ShadowQuality:5]]
[2020.06.21-18.39.59:524][  0]LogConfig: Setting CVar [[r.Shadow.CSM.MaxCascades:10]]
[2020.06.21-18.39.59:524][  0]LogConfig: Setting CVar [[r.Shadow.MaxResolution:2048]]
[2020.06.21-18.39.59:524][  0]LogConfig: Setting CVar [[r.Shadow.MaxCSMResolution:2048]]
[2020.06.21-18.39.59:524][  0]LogConfig: Setting CVar [[r.Shadow.RadiusThreshold:0.01]]
[2020.06.21-18.39.59:524][  0]LogConfig: Setting CVar [[r.Shadow.DistanceScale:1.0]]
[2020.06.21-18.39.59:524][  0]LogConfig: Setting CVar [[r.Shadow.CSM.TransitionScale:1.0]]
[2020.06.21-18.39.59:524][  0]LogConfig: Setting CVar [[r.Shadow.PreShadowResolutionFactor:1.0]]
[2020.06.21-18.39.59:524][  0]LogConfig: Setting CVar [[r.DistanceFieldShadowing:1]]
[2020.06.21-18.39.59:524][  0]LogConfig: Setting CVar [[r.DistanceFieldAO:1]]
[2020.06.21-18.39.59:524][  0]LogConfig: Setting CVar [[r.AOQuality:2]]
[2020.06.21-18.39.59:524][  0]LogConfig: Setting CVar [[r.VolumetricFog:1]]
[2020.06.21-18.39.59:524][  0]LogConfig: Setting CVar [[r.VolumetricFog.GridPixelSize:8]]
[2020.06.21-18.39.59:524][  0]LogConfig: Setting CVar [[r.VolumetricFog.GridSizeZ:128]]
[2020.06.21-18.39.59:524][  0]LogConfig: Setting CVar [[r.VolumetricFog.HistoryMissSupersampleCount:4]]
[2020.06.21-18.39.59:524][  0]LogConfig: Setting CVar [[r.LightMaxDrawDistanceScale:1]]
[2020.06.21-18.39.59:524][  0]LogConfig: Setting CVar [[r.CapsuleShadows:1]]
[2020.06.21-18.39.59:524][  0]LogConfig: Applying CVar settings from Section [PostProcessQuality@3] File [D:/00_Pablo/Documentos/Git/Uni/Tercero/LevelDesign/GameTypeOne/Saved/Config/Windows/Scalability.ini]
[2020.06.21-18.39.59:524][  0]LogConfig: Setting CVar [[r.MotionBlurQuality:4]]
[2020.06.21-18.39.59:524][  0]LogConfig: Setting CVar [[r.AmbientOcclusionMipLevelFactor:0.4]]
[2020.06.21-18.39.59:524][  0]LogConfig: Setting CVar [[r.AmbientOcclusionMaxQuality:100]]
[2020.06.21-18.39.59:524][  0]LogConfig: Setting CVar [[r.AmbientOcclusionLevels:-1]]
[2020.06.21-18.39.59:524][  0]LogConfig: Setting CVar [[r.AmbientOcclusionRadiusScale:1.0]]
[2020.06.21-18.39.59:524][  0]LogConfig: Setting CVar [[r.DepthOfFieldQuality:2]]
[2020.06.21-18.39.59:524][  0]LogConfig: Setting CVar [[r.RenderTargetPoolMin:400]]
[2020.06.21-18.39.59:524][  0]LogConfig: Setting CVar [[r.LensFlareQuality:2]]
[2020.06.21-18.39.59:524][  0]LogConfig: Setting CVar [[r.SceneColorFringeQuality:1]]
[2020.06.21-18.39.59:524][  0]LogConfig: Setting CVar [[r.EyeAdaptationQuality:2]]
[2020.06.21-18.39.59:524][  0]LogConfig: Setting CVar [[r.BloomQuality:5]]
[2020.06.21-18.39.59:524][  0]LogConfig: Setting CVar [[r.FastBlurThreshold:100]]
[2020.06.21-18.39.59:524][  0]LogConfig: Setting CVar [[r.Upscale.Quality:3]]
[2020.06.21-18.39.59:524][  0]LogConfig: Setting CVar [[r.Tonemapper.GrainQuantization:1]]
[2020.06.21-18.39.59:524][  0]LogConfig: Setting CVar [[r.LightShaftQuality:1]]
[2020.06.21-18.39.59:524][  0]LogConfig: Setting CVar [[r.Filter.SizeScale:1]]
[2020.06.21-18.39.59:524][  0]LogConfig: Setting CVar [[r.Tonemapper.Quality:5]]
[2020.06.21-18.39.59:524][  0]LogConfig: Setting CVar [[r.DOF.Gather.AccumulatorQuality:1        ; higher gathering accumulator quality]]
[2020.06.21-18.39.59:524][  0]LogConfig: Setting CVar [[r.DOF.Gather.PostfilterMethod:1          ; Median3x3 postfilering method]]
[2020.06.21-18.39.59:524][  0]LogConfig: Setting CVar [[r.DOF.Gather.EnableBokehSettings:0       ; no bokeh simulation when gathering]]
[2020.06.21-18.39.59:524][  0]LogConfig: Setting CVar [[r.DOF.Gather.RingCount:4                 ; medium number of samples when gathering]]
[2020.06.21-18.39.59:524][  0]LogConfig: Setting CVar [[r.DOF.Scatter.ForegroundCompositing:1    ; additive foreground scattering]]
[2020.06.21-18.39.59:524][  0]LogConfig: Setting CVar [[r.DOF.Scatter.BackgroundCompositing:2    ; additive background scattering]]
[2020.06.21-18.39.59:524][  0]LogConfig: Setting CVar [[r.DOF.Scatter.EnableBokehSettings:1      ; bokeh simulation when scattering]]
[2020.06.21-18.39.59:524][  0]LogConfig: Setting CVar [[r.DOF.Scatter.MaxSpriteRatio:0.1         ; only a maximum of 10% of scattered bokeh]]
[2020.06.21-18.39.59:524][  0]LogConfig: Setting CVar [[r.DOF.Recombine.Quality:1                ; cheap slight out of focus]]
[2020.06.21-18.39.59:524][  0]LogConfig: Setting CVar [[r.DOF.Recombine.EnableBokehSettings:0    ; no bokeh simulation on slight out of focus]]
[2020.06.21-18.39.59:524][  0]LogConfig: Setting CVar [[r.DOF.TemporalAAQuality:1                ; more stable temporal accumulation]]
[2020.06.21-18.39.59:524][  0]LogConfig: Setting CVar [[r.DOF.Kernel.MaxForegroundRadius:0.025]]
[2020.06.21-18.39.59:524][  0]LogConfig: Setting CVar [[r.DOF.Kernel.MaxBackgroundRadius:0.025]]
[2020.06.21-18.39.59:524][  0]LogConfig: Applying CVar settings from Section [TextureQuality@3] File [D:/00_Pablo/Documentos/Git/Uni/Tercero/LevelDesign/GameTypeOne/Saved/Config/Windows/Scalability.ini]
[2020.06.21-18.39.59:524][  0]LogConfig: Setting CVar [[r.Streaming.MipBias:0]]
[2020.06.21-18.39.59:524][  0]LogConfig: Setting CVar [[r.Streaming.AmortizeCPUToGPUCopy:0]]
[2020.06.21-18.39.59:524][  0]LogConfig: Setting CVar [[r.Streaming.MaxNumTexturesToStreamPerFrame:0]]
[2020.06.21-18.39.59:524][  0]LogConfig: Setting CVar [[r.Streaming.Boost:1]]
[2020.06.21-18.39.59:524][  0]LogConfig: Setting CVar [[r.MaxAnisotropy:8]]
[2020.06.21-18.39.59:524][  0]LogConfig: Setting CVar [[r.VT.MaxAnisotropy:8]]
[2020.06.21-18.39.59:524][  0]LogConfig: Setting CVar [[r.Streaming.LimitPoolSizeToVRAM:0]]
[2020.06.21-18.39.59:524][  0]LogConfig: Setting CVar [[r.Streaming.PoolSize:1000]]
[2020.06.21-18.39.59:524][  0]LogConfig: Setting CVar [[r.Streaming.MaxEffectiveScreenSize:0]]
[2020.06.21-18.39.59:524][  0]LogConfig: Applying CVar settings from Section [EffectsQuality@3] File [D:/00_Pablo/Documentos/Git/Uni/Tercero/LevelDesign/GameTypeOne/Saved/Config/Windows/Scalability.ini]
[2020.06.21-18.39.59:524][  0]LogConfig: Setting CVar [[r.TranslucencyLightingVolumeDim:64]]
[2020.06.21-18.39.59:524][  0]LogConfig: Setting CVar [[r.RefractionQuality:2]]
[2020.06.21-18.39.59:524][  0]LogConfig: Setting CVar [[r.SSR.Quality:3]]
[2020.06.21-18.39.59:524][  0]LogConfig: Setting CVar [[r.SSR.HalfResSceneColor:0]]
[2020.06.21-18.39.59:524][  0]LogConfig: Setting CVar [[r.SceneColorFormat:4]]
[2020.06.21-18.39.59:524][  0]LogConfig: Setting CVar [[r.DetailMode:2]]
[2020.06.21-18.39.59:524][  0]LogConfig: Setting CVar [[r.TranslucencyVolumeBlur:1]]
[2020.06.21-18.39.59:524][  0]LogConfig: Setting CVar [[r.MaterialQualityLevel:1 ; High quality]]
[2020.06.21-18.39.59:524][  0]LogConfig: Setting CVar [[r.SSS.Scale:1]]
[2020.06.21-18.39.59:524][  0]LogConfig: Setting CVar [[r.SSS.SampleSet:2]]
[2020.06.21-18.39.59:524][  0]LogConfig: Setting CVar [[r.SSS.Quality:1]]
[2020.06.21-18.39.59:524][  0]LogConfig: Setting CVar [[r.SSS.HalfRes:1]]
[2020.06.21-18.39.59:524][  0]LogConfig: Setting CVar [[r.SSGI.Quality:3]]
[2020.06.21-18.39.59:524][  0]LogConfig: Setting CVar [[r.EmitterSpawnRateScale:1.0]]
[2020.06.21-18.39.59:524][  0]LogConfig: Setting CVar [[r.ParticleLightQuality:2]]
[2020.06.21-18.39.59:524][  0]LogConfig: Setting CVar [[r.SkyAtmosphere.AerialPerspectiveLUT.FastApplyOnOpaque:1 ; Always have FastSkyLUT 1 in this case to avoid wrong sky]]
[2020.06.21-18.39.59:524][  0]LogConfig: Setting CVar [[r.SkyAtmosphere.AerialPerspectiveLUT.SampleCountPerSlice:1]]
[2020.06.21-18.39.59:524][  0]LogConfig: Setting CVar [[r.SkyAtmosphere.AerialPerspectiveLUT.DepthResolution:16.0]]
[2020.06.21-18.39.59:524][  0]LogConfig: Setting CVar [[r.SkyAtmosphere.FastSkyLUT:1]]
[2020.06.21-18.39.59:524][  0]LogConfig: Setting CVar [[r.SkyAtmosphere.FastSkyLUT.SampleCountMin:4.0]]
[2020.06.21-18.39.59:524][  0]LogConfig: Setting CVar [[r.SkyAtmosphere.FastSkyLUT.SampleCountMax:32.0]]
[2020.06.21-18.39.59:525][  0]LogConfig: Setting CVar [[r.SkyAtmosphere.SampleCountMin:4.0]]
[2020.06.21-18.39.59:525][  0]LogConfig: Setting CVar [[r.SkyAtmosphere.SampleCountMax:32.0]]
[2020.06.21-18.39.59:525][  0]LogConfig: Setting CVar [[r.SkyAtmosphere.TransmittanceLUT.UseSmallFormat:0]]
[2020.06.21-18.39.59:525][  0]LogConfig: Setting CVar [[r.SkyAtmosphere.TransmittanceLUT.SampleCount:10.0]]
[2020.06.21-18.39.59:525][  0]LogConfig: Setting CVar [[r.SkyAtmosphere.MultiScatteringLUT.SampleCount:15.0]]
[2020.06.21-18.39.59:525][  0]LogConfig: Applying CVar settings from Section [FoliageQuality@3] File [D:/00_Pablo/Documentos/Git/Uni/Tercero/LevelDesign/GameTypeOne/Saved/Config/Windows/Scalability.ini]
[2020.06.21-18.39.59:525][  0]LogConfig: Setting CVar [[foliage.DensityScale:1.0]]
[2020.06.21-18.39.59:525][  0]LogConfig: Setting CVar [[grass.DensityScale:1.0]]
[2020.06.21-18.39.59:525][  0]LogConfig: Applying CVar settings from Section [ShadingQuality@3] File [D:/00_Pablo/Documentos/Git/Uni/Tercero/LevelDesign/GameTypeOne/Saved/Config/Windows/Scalability.ini]
[2020.06.21-18.39.59:525][  0]LogConfig: Setting CVar [[r.HairStrands.SkyLighting.SampleCount:16]]
[2020.06.21-18.39.59:525][  0]LogConfig: Setting CVar [[r.HairStrands.SkyLighting.JitterIntegration:0]]
[2020.06.21-18.39.59:525][  0]LogConfig: Setting CVar [[r.HairStrands.SkyAO.SampleCount:16]]
[2020.06.21-18.39.59:525][  0]LogConfig: Applying CVar settings from Section [Startup] File [../../../Engine/Config/ConsoleVariables.ini]
[2020.06.21-18.39.59:525][  0]LogConfig: Setting CVar [[net.UseAdaptiveNetUpdateFrequency:0]]
[2020.06.21-18.39.59:525][  0]LogConfig: Setting CVar [[p.chaos.AllowCreatePhysxBodies:1]]
[2020.06.21-18.39.59:525][  0]LogConfig: Applying CVar settings from Section [ConsoleVariables] File [D:/00_Pablo/Documentos/Git/Uni/Tercero/LevelDesign/GameTypeOne/Saved/Config/Windows/Engine.ini]
[2020.06.21-18.39.59:525][  0]LogInit: Computer: PABLOPC
[2020.06.21-18.39.59:525][  0]LogInit: User: Pablo
[2020.06.21-18.39.59:525][  0]LogInit: CPU Page size=4096, Cores=8
[2020.06.21-18.39.59:525][  0]LogInit: High frequency timer resolution =10.000000 MHz
[2020.06.21-18.39.59:525][  0]LogMemory: Memory total: Physical=15.9GB (16GB approx)
[2020.06.21-18.39.59:525][  0]LogMemory: Platform Memory Stats for Windows
[2020.06.21-18.39.59:525][  0]LogMemory: Process Physical Memory: 108.41 MB used, 108.42 MB peak
[2020.06.21-18.39.59:525][  0]LogMemory: Process Virtual Memory: 104.67 MB used, 104.67 MB peak
[2020.06.21-18.39.59:525][  0]LogMemory: Physical Memory: 6963.38 MB used,  9341.05 MB free, 16304.43 MB total
[2020.06.21-18.39.59:525][  0]LogMemory: Virtual Memory: 5160.07 MB used,  134212568.00 MB free, 134217728.00 MB total
[2020.06.21-18.39.59:527][  0]LogWindows: WindowsPlatformFeatures enabled
[2020.06.21-18.39.59:543][  0]LogInit: Overriding language with editor language configuration option (en).
[2020.06.21-18.39.59:543][  0]LogInit: Overriding locale with editor culture configuration option ().
[2020.06.21-18.39.59:543][  0]LogInit: Using OS detected locale (es-ES).
[2020.06.21-18.39.59:660][  0]LogInit: Setting process to per monitor DPI aware
[2020.06.21-18.39.59:691][  0]LogSlate: New Slate User Created.  User Index 0, Is Virtual User: 0
[2020.06.21-18.39.59:691][  0]LogSlate: Slate User Registered.  User Index 0, Is Virtual User: 0
[2020.06.21-18.39.59:798][  0]LogHMD: Failed to initialize OpenVR with code 110
[2020.06.21-18.39.59:798][  0]LogD3D11RHI: D3D11 min allowed feature level: 11_0
[2020.06.21-18.39.59:798][  0]LogD3D11RHI: D3D11 max allowed feature level: 11_0
[2020.06.21-18.39.59:798][  0]LogD3D11RHI: D3D11 adapters:
[2020.06.21-18.39.59:845][  0]LogD3D11RHI:    0. 'NVIDIA GeForce GTX 1070' (Feature Level 11_0)
[2020.06.21-18.39.59:845][  0]LogD3D11RHI:       8088/0/8152 MB DedicatedVideo/DedicatedSystem/SharedSystem, Outputs:2, VendorId:0x10de
[2020.06.21-18.39.59:847][  0]LogD3D11RHI:    1. 'Microsoft Basic Render Driver' (Feature Level 11_0)
[2020.06.21-18.39.59:847][  0]LogD3D11RHI:       0/0/8152 MB DedicatedVideo/DedicatedSystem/SharedSystem, Outputs:0, VendorId:0x1414
[2020.06.21-18.39.59:848][  0]LogD3D11RHI: Chosen D3D11 Adapter: 0
[2020.06.21-18.39.59:856][  0]LogD3D11RHI: Creating new Direct3DDevice
[2020.06.21-18.39.59:856][  0]LogD3D11RHI:     GPU DeviceId: 0x1b81 (for the marketing name, search the web for "GPU Device Id")
[2020.06.21-18.39.59:856][  0]LogWindows: EnumDisplayDevices:
[2020.06.21-18.39.59:856][  0]LogWindows:    0. 'NVIDIA GeForce GTX 1070' (P:1 D:1)
[2020.06.21-18.39.59:856][  0]LogWindows:    1. 'NVIDIA GeForce GTX 1070' (P:0 D:1)
[2020.06.21-18.39.59:857][  0]LogWindows:    2. 'NVIDIA GeForce GTX 1070' (P:0 D:0)
[2020.06.21-18.39.59:857][  0]LogWindows:    3. 'NVIDIA GeForce GTX 1070' (P:0 D:0)
[2020.06.21-18.39.59:857][  0]LogWindows: DebugString: FoundDriverCount:4 
[2020.06.21-18.39.59:857][  0]LogD3D11RHI:     Adapter Name: NVIDIA GeForce GTX 1070
[2020.06.21-18.39.59:857][  0]LogD3D11RHI:   Driver Version: 446.14 (internal:26.21.14.4614, unified:446.14)
[2020.06.21-18.39.59:857][  0]LogD3D11RHI:      Driver Date: 5-15-2020
[2020.06.21-18.39.59:857][  0]LogRHI: Texture pool is 5661 MB (70% of 8088 MB)
[2020.06.21-18.39.59:893][  0]LogD3D11RHI: RHI has support for 64 bit atomics
[2020.06.21-18.39.59:893][  0]LogD3D11RHI: Async texture creation enabled
[2020.06.21-18.39.59:965][  0]LogD3D11RHI: GPU Timing Frequency: 1000.000000 (Debug: 2 1)
[2020.06.21-18.40.00:236][  0]LogTargetPlatformManager: Display: Loaded TargetPlatform 'AllDesktop'
[2020.06.21-18.40.00:258][  0]LogTargetPlatformManager: Display: Loaded TargetPlatform 'Android'
[2020.06.21-18.40.00:258][  0]LogTargetPlatformManager: Display: Loaded TargetPlatform 'Android_ASTC'
[2020.06.21-18.40.00:258][  0]LogTargetPlatformManager: Display: Loaded TargetPlatform 'Android_ATC'
[2020.06.21-18.40.00:258][  0]LogTargetPlatformManager: Display: Loaded TargetPlatform 'Android_DXT'
[2020.06.21-18.40.00:259][  0]LogTargetPlatformManager: Display: Loaded TargetPlatform 'Android_ETC1'
[2020.06.21-18.40.00:259][  0]LogTargetPlatformManager: Display: Loaded TargetPlatform 'Android_ETC1a'
[2020.06.21-18.40.00:259][  0]LogTargetPlatformManager: Display: Loaded TargetPlatform 'Android_ETC2'
[2020.06.21-18.40.00:259][  0]LogTargetPlatformManager: Display: Loaded TargetPlatform 'Android_PVRTC'
[2020.06.21-18.40.00:259][  0]LogTargetPlatformManager: Display: Loaded TargetPlatform 'AndroidClient'
[2020.06.21-18.40.00:259][  0]LogTargetPlatformManager: Display: Loaded TargetPlatform 'Android_ASTCClient'
[2020.06.21-18.40.00:259][  0]LogTargetPlatformManager: Display: Loaded TargetPlatform 'Android_ATCClient'
[2020.06.21-18.40.00:259][  0]LogTargetPlatformManager: Display: Loaded TargetPlatform 'Android_DXTClient'
[2020.06.21-18.40.00:259][  0]LogTargetPlatformManager: Display: Loaded TargetPlatform 'Android_ETC1Client'
[2020.06.21-18.40.00:259][  0]LogTargetPlatformManager: Display: Loaded TargetPlatform 'Android_ETC1aClient'
[2020.06.21-18.40.00:259][  0]LogTargetPlatformManager: Display: Loaded TargetPlatform 'Android_ETC2Client'
[2020.06.21-18.40.00:259][  0]LogTargetPlatformManager: Display: Loaded TargetPlatform 'Android_PVRTCClient'
[2020.06.21-18.40.00:259][  0]LogTargetPlatformManager: Display: Loaded TargetPlatform 'Android_Multi'
[2020.06.21-18.40.00:259][  0]LogTargetPlatformManager: Display: Loaded TargetPlatform 'Android_MultiClient'
[2020.06.21-18.40.00:274][  0]LogTargetPlatformManager: Display: Loaded TargetPlatform 'IOSClient'
[2020.06.21-18.40.00:274][  0]LogTargetPlatformManager: Display: Loaded TargetPlatform 'IOS'
[2020.06.21-18.40.00:280][  0]LogTargetPlatformManager: Display: Loaded TargetPlatform 'LinuxNoEditor'
[2020.06.21-18.40.00:285][  0]LogTargetPlatformManager: Display: Loaded TargetPlatform 'LinuxClient'
[2020.06.21-18.40.00:291][  0]LogTargetPlatformManager: Display: Loaded TargetPlatform 'LinuxServer'
[2020.06.21-18.40.00:297][  0]LogTargetPlatformManager: Display: Loaded TargetPlatform 'LinuxAArch64NoEditor'
[2020.06.21-18.40.00:303][  0]LogTargetPlatformManager: Display: Loaded TargetPlatform 'LinuxAArch64Client'
[2020.06.21-18.40.00:308][  0]LogTargetPlatformManager: Display: Loaded TargetPlatform 'LinuxAArch64Server'
[2020.06.21-18.40.00:328][  0]LogTargetPlatformManager: Display: Loaded TargetPlatform 'Lumin'
[2020.06.21-18.40.00:328][  0]LogTargetPlatformManager: Display: Loaded TargetPlatform 'LuminClient'
[2020.06.21-18.40.00:339][  0]LogTargetPlatformManager: Display: Loaded TargetPlatform 'TVOSClient'
[2020.06.21-18.40.00:339][  0]LogTargetPlatformManager: Display: Loaded TargetPlatform 'TVOS'
[2020.06.21-18.40.00:345][  0]LogTargetPlatformManager: Display: Loaded TargetPlatform 'WindowsNoEditor'
[2020.06.21-18.40.00:352][  0]LogTargetPlatformManager: Display: Loaded TargetPlatform 'Windows'
[2020.06.21-18.40.00:357][  0]LogTargetPlatformManager: Display: Loaded TargetPlatform 'WindowsClient'
[2020.06.21-18.40.00:363][  0]LogTargetPlatformManager: Display: Loaded TargetPlatform 'WindowsServer'
[2020.06.21-18.40.00:363][  0]LogTargetPlatformManager: Display: Building Assets For Windows
[2020.06.21-18.40.00:366][  0]LogAudioDebug: Display: Lib vorbis DLL was dynamically loaded.
[2020.06.21-18.40.00:387][  0]LogShaderCompilers: Guid format shader working directory is -17 characters bigger than the processId version (D:/00_Pablo/Documentos/Git/Uni/Tercero/LevelDesign/GameTypeOne/Intermediate/Shaders/WorkingDirectory/20288/).
[2020.06.21-18.40.00:387][  0]LogShaderCompilers: Cleaned the shader compiler working directory 'C:/Users/Pablo/AppData/Local/Temp/UnrealShaderWorkingDir/935C2C464F7D7E1E8AFEE88D48DC426F/'.
[2020.06.21-18.40.00:387][  0]LogXGEController: Cleaning working directory: C:/Users/Pablo/AppData/Local/Temp/UnrealXGEWorkingDir/
[2020.06.21-18.40.00:388][  0]LogXGEController: Cannot use XGE Controller as Incredibuild is not installed on this machine.
[2020.06.21-18.40.00:388][  0]LogShaderCompilers: Cannot use XGE Shader Compiler as Incredibuild is not installed on this machine.
[2020.06.21-18.40.00:388][  0]LogShaderCompilers: Display: Using Local Shader Compiler.
[2020.06.21-18.40.00:939][  0]LogDerivedDataCache: Display: Max Cache Size: 512 MB
[2020.06.21-18.40.00:979][  0]LogDerivedDataCache: Loaded boot cache 0.04s 78MB C:/Users/Pablo/AppData/Local/UnrealEngine/4.24/DerivedDataCache/Boot.ddc.
[2020.06.21-18.40.00:979][  0]LogDerivedDataCache: Display: Loaded Boot cache: C:/Users/Pablo/AppData/Local/UnrealEngine/4.24/DerivedDataCache/Boot.ddc
[2020.06.21-18.40.00:979][  0]LogDerivedDataCache: FDerivedDataBackendGraph:  Pak pak cache file D:/00_Pablo/Documentos/Git/Uni/Tercero/LevelDesign/GameTypeOne/DerivedDataCache/DDC.ddp not found, will not use a pak cache.
[2020.06.21-18.40.00:979][  0]LogDerivedDataCache: Unable to find inner node Pak for hierarchical cache Hierarchy.
[2020.06.21-18.40.00:980][  0]LogDerivedDataCache: FDerivedDataBackendGraph:  CompressedPak pak cache file D:/00_Pablo/Documentos/Git/Uni/Tercero/LevelDesign/GameTypeOne/DerivedDataCache/Compressed.ddp not found, will not use a pak cache.
[2020.06.21-18.40.00:980][  0]LogDerivedDataCache: Unable to find inner node CompressedPak for hierarchical cache Hierarchy.
[2020.06.21-18.40.00:987][  0]LogDerivedDataCache: Display: Pak cache opened for reading ../../../Engine/DerivedDataCache/Compressed.ddp.
[2020.06.21-18.40.00:987][  0]LogDerivedDataCache: FDerivedDataBackendGraph:  EnterprisePak pak cache file ../../../Enterprise/DerivedDataCache/Compressed.ddp not found, will not use a pak cache.
[2020.06.21-18.40.00:987][  0]LogDerivedDataCache: Unable to find inner node EnterprisePak for hierarchical cache Hierarchy.
[2020.06.21-18.40.00:988][  0]LogDerivedDataCache: Using Local data cache path C:/Users/Pablo/AppData/Local/UnrealEngine/Common/DerivedDataCache: Writable
[2020.06.21-18.40.00:988][  0]LogDerivedDataCache: Shared data cache path not found in *engine.ini, will not use an Shared cache.
[2020.06.21-18.40.00:988][  0]LogDerivedDataCache: Unable to find inner node Shared for hierarchical cache Hierarchy.
[2020.06.21-18.40.01:006][  0]LogMaterial: Verifying Global Shaders for PCD3D_SM5
[2020.06.21-18.40.01:008][  0]LogSlate: Using FreeType 2.10.0
[2020.06.21-18.40.01:009][  0]LogSlate: SlateFontServices - WITH_FREETYPE: 1, WITH_HARFBUZZ: 1
[2020.06.21-18.40.01:050][  0]LogAssetRegistry: FAssetRegistry took 0.0020 seconds to start up
[2020.06.21-18.40.01:262][  0]LogInit: Selected Device Profile: [Windows]
[2020.06.21-18.40.01:379][  0]LogMeshReduction: Using QuadricMeshReduction for automatic static mesh reduction
[2020.06.21-18.40.01:379][  0]LogMeshReduction: Using SimplygonMeshReduction for automatic skeletal mesh reduction
[2020.06.21-18.40.01:379][  0]LogMeshReduction: Using ProxyLODMeshReduction for automatic mesh merging
[2020.06.21-18.40.01:379][  0]LogMeshReduction: No distributed automatic mesh merging module available
[2020.06.21-18.40.01:379][  0]LogMeshMerging: No distributed automatic mesh merging module available
[2020.06.21-18.40.01:391][  0]LogNetVersion: GameTypeOne 1.0.0, NetCL: 10570792, EngineNetVer: 13, GameNetVer: 0 (Checksum: 3981712131)
[2020.06.21-18.40.02:186][  0]LogPackageLocalizationCache: Processed 10 localized package path(s) for 1 prioritized culture(s) in 0.035770 seconds
[2020.06.21-18.40.02:192][  0]LogUObjectArray: 46750 objects as part of root set at end of initial load.
[2020.06.21-18.40.02:192][  0]LogUObjectAllocator: 8137160 out of 0 bytes used by permanent object pool.
[2020.06.21-18.40.02:192][  0]LogUObjectArray: CloseDisregardForGC: 0/0 objects in disregard for GC pool
[2020.06.21-18.40.02:496][  0]LogTcpMessaging: Initializing TcpMessaging bridge
[2020.06.21-18.40.02:498][  0]LogUdpMessaging: Initializing bridge on interface 0.0.0.0:0 to multicast group 230.0.0.1:6666.
[2020.06.21-18.40.02:538][  0]SourceControl: Source control is disabled
[2020.06.21-18.40.02:538][  0]SourceControl: Source control is disabled
[2020.06.21-18.40.02:539][  0]SourceControl: Source control is disabled
[2020.06.21-18.40.02:540][  0]SourceControl: Source control is disabled
[2020.06.21-18.40.02:541][  0]SourceControl: Source control is disabled
[2020.06.21-18.40.02:604][  0]LogAndroidPermission: UAndroidPermissionCallbackProxy::GetInstance
[2020.06.21-18.40.02:611][  0]LogAudioCaptureCore: Display: No Audio Capture implementations found. Audio input will be silent.
[2020.06.21-18.40.02:611][  0]LogAudioCaptureCore: Display: No Audio Capture implementations found. Audio input will be silent.
[2020.06.21-18.40.02:674][  0]LogOcInput: OculusInput pre-init called
[2020.06.21-18.40.02:680][  0]LogWindows: Failed to load 'OVRPlugin.dll' (GetLastError=126)
[2020.06.21-18.40.02:680][  0]LogWindows: File 'OVRPlugin.dll' does not exist
[2020.06.21-18.40.02:732][  0]LogEngine: Initializing Engine...
[2020.06.21-18.40.02:733][  0]LogHMD: Failed to initialize OpenVR with code 110
[2020.06.21-18.40.02:734][  0]LogStats: UGameplayTagsManager::InitializeManager -  0.000 s
[2020.06.21-18.40.02:982][  0]LogInit: Initializing FReadOnlyCVARCache
[2020.06.21-18.40.02:987][  0]LogAIModule: Creating AISystem for world Untitled
[2020.06.21-18.40.02:997][  0]LogAudioMixer: Display: Audio Mixer Platform Settings:
[2020.06.21-18.40.02:997][  0]LogAudioMixer: Display: 	Sample Rate:						  48000
[2020.06.21-18.40.02:997][  0]LogAudioMixer: Display: 	Callback Buffer Frame Size Requested: 1024
[2020.06.21-18.40.02:997][  0]LogAudioMixer: Display: 	Callback Buffer Frame Size To Use:	  1024
[2020.06.21-18.40.02:997][  0]LogAudioMixer: Display: 	Number of buffers to queue:			  2
[2020.06.21-18.40.02:997][  0]LogAudioMixer: Display: 	Max Channels (voices):				  32
[2020.06.21-18.40.02:997][  0]LogAudioMixer: Display: 	Number of Async Source Workers:		  0
[2020.06.21-18.40.02:997][  0]LogAudio: Display: AudioDevice MaxSources: 32
[2020.06.21-18.40.02:997][  0]LogAudio: Display: Using built-in audio occlusion.
[2020.06.21-18.40.02:997][  0]LogAudioMixer: Display: Initializing audio mixer.
[2020.06.21-18.40.03:015][  0]LogAudioMixer: Display: Audio Device Output Speaker Info:
[2020.06.21-18.40.03:015][  0]LogAudioMixer: Display: Name: Headset (Logitech G933 Gaming Wireless Headset)
[2020.06.21-18.40.03:015][  0]LogAudioMixer: Display: Is Default: Yes
[2020.06.21-18.40.03:015][  0]LogAudioMixer: Display: Sample Rate: 48000
[2020.06.21-18.40.03:015][  0]LogAudioMixer: Display: Channel Count Used: 8
[2020.06.21-18.40.03:015][  0]LogAudioMixer: Display: Device Channel Count: 8
[2020.06.21-18.40.03:015][  0]LogAudioMixer: Display: Channel Order:
[2020.06.21-18.40.03:015][  0]LogAudioMixer: Display: 0: FrontLeft
[2020.06.21-18.40.03:015][  0]LogAudioMixer: Display: 1: FrontRight
[2020.06.21-18.40.03:015][  0]LogAudioMixer: Display: 2: FrontCenter
[2020.06.21-18.40.03:015][  0]LogAudioMixer: Display: 3: LowFrequency
[2020.06.21-18.40.03:015][  0]LogAudioMixer: Display: 4: BackLeft
[2020.06.21-18.40.03:015][  0]LogAudioMixer: Display: 5: BackRight
[2020.06.21-18.40.03:015][  0]LogAudioMixer: Display: 6: SideLeft
[2020.06.21-18.40.03:015][  0]LogAudioMixer: Display: 7: SideRight
[2020.06.21-18.40.03:032][  0]LogAudioMixer: Display: Using Audio Device Headset (Logitech G933 Gaming Wireless Headset)
[2020.06.21-18.40.03:038][  0]LogInit: FAudioDevice initialized.
[2020.06.21-18.40.03:039][  0]LogNetVersion: Set ProjectVersion to 1.0.0.0. Version Checksum will be recalculated on next use.
[2020.06.21-18.40.03:105][  0]LogDerivedDataCache: Saved boot cache 0.07s 78MB C:/Users/Pablo/AppData/Local/UnrealEngine/4.24/DerivedDataCache/Boot.ddc.
[2020.06.21-18.40.03:106][  0]LogInit: Texture streaming: Enabled
[2020.06.21-18.40.03:113][  0]LogEngineSessionManager: EngineSessionManager initialized
[2020.06.21-18.40.03:113][  0]LogEditorSessionSummary: Verbose: Initializing EditorSessionSummaryWriter for editor session tracking
[2020.06.21-18.40.03:116][  0]LogEditorSessionSummary: EditorSessionSummaryWriter initialized
[2020.06.21-18.40.03:152][  0]LogInit: Transaction tracking system initialized
[2020.06.21-18.40.03:160][  0]BlueprintLog: New page: Editor Load
[2020.06.21-18.40.03:183][  0]LocalizationService: Localization service is disabled
[2020.06.21-18.40.03:379][  0]LogFileCache: Scanning file cache for directory 'D:/00_Pablo/Documentos/Git/Uni/Tercero/LevelDesign/GameTypeOne/Content/' took 0.00s
[2020.06.21-18.40.03:379][  0]LogCook: Display: Max memory allowance for cook 16384mb min free memory 0mb
[2020.06.21-18.40.03:380][  0]LogCook: Display: Mobile HDR setting 1
[2020.06.21-18.40.03:897][  0]SourceControl: Source control is disabled
[2020.06.21-18.40.03:897][  0]Cmd: MAP LOAD FILE="D:/00_Pablo/Documentos/Git/Uni/Tercero/LevelDesign/GameTypeOne/Content/Maps/DEV/WhiteBoxingv2.umap" TEMPLATE=0 SHOWPROGRESS=1 FEATURELEVEL=3
[2020.06.21-18.40.03:897][  0]LightingResults: New page: Lighting Build
[2020.06.21-18.40.03:898][  0]LogWorld: UWorld::CleanupWorld for Untitled, bSessionEnded=true, bCleanupResources=true
[2020.06.21-18.40.03:898][  0]LogSlate: InvalidateAllWidgets triggered.  All widgets were invalidated
[2020.06.21-18.40.03:898][  0]MapCheck: New page: Map Check
[2020.06.21-18.40.03:898][  0]LightingResults: New page: Lighting Build
[2020.06.21-18.40.03:927][  0]LogUObjectHash: Compacting FUObjectHashTables data took   1.45ms
[2020.06.21-18.40.04:377][  0]LogAIModule: Creating AISystem for world WhiteBoxingv2
[2020.06.21-18.40.04:443][  0]LogEditorServer: Finished looking for orphan Actors (0.000 secs)
[2020.06.21-18.40.04:478][  0]LogUObjectHash: Compacting FUObjectHashTables data took   1.90ms
[2020.06.21-18.40.04:479][  0]Cmd: MAP CHECKDEP NOCLEARLOG
[2020.06.21-18.40.04:479][  0]MapCheck: Map check complete: 0 Error(s), 0 Warning(s), took 0,221ms to complete.
[2020.06.21-18.40.04:479][  0]LogFileHelpers: Loading map 'WhiteBoxingv2' took 0.582
[2020.06.21-18.40.04:612][  0]LogSlate: Updating window title bar state: overlay mode, drag disabled, window buttons hidden, title bar hidden
[2020.06.21-18.40.04:616][  0]LogSlate: Updating window title bar state: overlay mode, drag disabled, window buttons hidden, title bar hidden
[2020.06.21-18.40.04:621][  0]LogSlate: Updating window title bar state: overlay mode, drag disabled, window buttons hidden, title bar hidden
[2020.06.21-18.40.04:625][  0]LogSlate: Updating window title bar state: overlay mode, drag disabled, window buttons hidden, title bar hidden
[2020.06.21-18.40.04:629][  0]LogCollectionManager: Loaded 0 collections in 0.001268 seconds
[2020.06.21-18.40.04:639][  0]LogFileCache: Scanning file cache for directory 'D:/00_Pablo/Documentos/Git/Uni/Tercero/LevelDesign/GameTypeOne/Saved/Collections/' took 0.00s
[2020.06.21-18.40.04:639][  0]LogFileCache: Scanning file cache for directory 'D:/00_Pablo/Documentos/Git/Uni/Tercero/LevelDesign/GameTypeOne/Content/Developers/Pablo/Collections/' took 0.00s
[2020.06.21-18.40.04:639][  0]LogFileCache: Scanning file cache for directory 'D:/00_Pablo/Documentos/Git/Uni/Tercero/LevelDesign/GameTypeOne/Content/Collections/' took 0.00s
[2020.06.21-18.40.04:639][  0]LogContentBrowser: Native class hierarchy populated in 0.0060 seconds. Added 3015 classes and 717 folders.
[2020.06.21-18.40.04:641][  0]LogContentBrowser: Native class hierarchy updated for 'WidgetCarousel' in 0.0002 seconds. Added 0 classes and 0 folders.
[2020.06.21-18.40.04:687][  0]LogContentBrowser: Native class hierarchy updated for 'AddContentDialog' in 0.0003 seconds. Added 0 classes and 0 folders.
[2020.06.21-18.40.04:690][  0]LogContentBrowser: Native class hierarchy updated for 'SceneOutliner' in 0.0002 seconds. Added 2 classes and 3 folders.
[2020.06.21-18.40.04:735][  0]LogSlate: Took 0.000139 seconds to synchronously load lazily loaded font '../../../Engine/Content/Slate/Fonts/Roboto-Regular.ttf' (155K)
[2020.06.21-18.40.04:737][  0]LogSlate: Took 0.000125 seconds to synchronously load lazily loaded font '../../../Engine/Content/Slate/Fonts/Roboto-Bold.ttf' (160K)
[2020.06.21-18.40.04:739][  0]LogSlate: Took 0.000103 seconds to synchronously load lazily loaded font '../../../Engine/Content/Editor/Slate/Fonts/FontAwesome.ttf' (139K)
[2020.06.21-18.40.04:796][  0]LogRenderer: Reallocating scene render targets to support 1632x644 Format 10 NumSamples 1 (Frame:1).
[2020.06.21-18.40.04:861][  0]LogContentBrowser: Native class hierarchy updated for 'HierarchicalLODOutliner' in 0.0002 seconds. Added 0 classes and 0 folders.
[2020.06.21-18.40.04:861][  0]LogLoad: (Engine Initialization) Total time: 6.44 seconds
[2020.06.21-18.40.04:861][  0]LogLoad: (Engine Initialization) Total Blueprint compile time: 0.00 seconds
[2020.06.21-18.40.04:905][  0]LogAssetRegistry: Asset discovery search completed in 3.8557 seconds
[2020.06.21-18.40.04:908][  0]LogCollectionManager: Fixed up redirectors for 0 collections in 0.000005 seconds (updated 0 objects)
[2020.06.21-18.40.04:909][  0]LogContentStreaming: Texture pool size now 1000 MB
[2020.06.21-18.40.16:218][329]LogSlate: Took 0.000157 seconds to synchronously load lazily loaded font '../../../Engine/Content/Slate/Fonts/Roboto-Light.ttf' (167K)
[2020.06.21-18.40.16:238][329]LogAssetEditorSubsystem: Opening Asset editor for Blueprint /Game/Blueprints/Props/OpenFinalDoor.OpenFinalDoor
[2020.06.21-18.40.16:379][329]LogContentBrowser: Native class hierarchy updated for 'BlueprintGraph' in 0.0004 seconds. Added 121 classes and 0 folders.
[2020.06.21-18.40.16:984][329]LogSlate: Took 0.000166 seconds to synchronously load lazily loaded font '../../../Engine/Content/Slate/Fonts/Roboto-BoldCondensed.ttf' (158K)
[2020.06.21-18.40.25:742][157]LogSlate: Took 0.000876 seconds to synchronously load lazily loaded font '../../../Engine/Content/Slate/Fonts/Roboto-Italic.ttf' (157K)
[2020.06.21-18.40.27:880][387]LogAssetEditorSubsystem: Opening Asset editor for Blueprint /Game/Blueprints/Props/CamerasOff.CamerasOff
[2020.06.21-18.40.32:849][684]LogAssetEditorSubsystem: Opening Asset editor for Blueprint /Game/Blueprints/Props/LaserOff.LaserOff
[2020.06.21-18.41.04:346][281]LogAssetEditorSubsystem: Opening Asset editor for Blueprint /Game/Blueprints/Props/Key.Key
[2020.06.21-18.42.04:134][ 76]BlueprintLog: New page: Compile OpenFinalDoor
[2020.06.21-18.42.04:136][ 76]LogBlueprint: Warning: [Compiler OpenFinalDoor] Could not find a variable named "Door" in 'OpenFinalDoor_C'.
Make sure 'OpenFinalDoor_C' has been compiled for  Get Door
[2020.06.21-18.42.04:136][ 76]LogBlueprint: Error: [Compiler OpenFinalDoor] The property associated with  Door  could not be found in '/Game/Blueprints/Props/OpenFinalDoor.OpenFinalDoor_C'
[2020.06.21-18.42.04:355][ 76]LogUObjectHash: Compacting FUObjectHashTables data took   2.91ms
[2020.06.21-18.42.14:186][191]BlueprintLog: New page: Compile OpenFinalDoor
[2020.06.21-18.42.14:373][191]LogUObjectHash: Compacting FUObjectHashTables data took   2.72ms
[2020.06.21-18.48.05:048][998]LogUObjectHash: Compacting FUObjectHashTables data took   2.86ms
[2020.06.21-18.48.05:826][998]LogSavePackage: Moving 'D:/00_Pablo/Documentos/Git/Uni/Tercero/LevelDesign/GameTypeOne/Saved/WhiteBoxingv25C99091A4A852F07F67D94891E3EC50E.tmp' to 'D:/00_Pablo/Documentos/Git/Uni/Tercero/LevelDesign/GameTypeOne/Content/Maps/DEV/WhiteBoxingv2.umap'
[2020.06.21-18.48.05:847][998]Cmd: OBJ SAVEPACKAGE PACKAGE="/Game/Maps/DEV/WhiteBoxingv2_BuiltData" FILE="D:/00_Pablo/Documentos/Git/Uni/Tercero/LevelDesign/GameTypeOne/Content/Maps/DEV/WhiteBoxingv2_BuiltData.uasset" SILENT=true
[2020.06.21-18.48.05:973][998]LogSavePackage: Moving 'D:/00_Pablo/Documentos/Git/Uni/Tercero/LevelDesign/GameTypeOne/Saved/WhiteBoxingv2_BuiltData5096F1874A7234F66B6BCFA8A27F25AF.tmp' to 'D:/00_Pablo/Documentos/Git/Uni/Tercero/LevelDesign/GameTypeOne/Content/Maps/DEV/WhiteBoxingv2_BuiltData.uasset'
[2020.06.21-18.48.05:989][998]AssetCheck: New page: Asset Save: multiple assets
[2020.06.21-18.48.05:990][998]LogContentValidation: Display: Validating World /Game/Maps/DEV/WhiteBoxingv2.WhiteBoxingv2
[2020.06.21-18.48.05:990][998]LogContentValidation: Display: Validating MapBuildDataRegistry /Game/Maps/DEV/WhiteBoxingv2_BuiltData.WhiteBoxingv2_BuiltData
[2020.06.21-18.48.34:537][ 83]Cmd: TRANSACTION UNDO
[2020.06.21-18.48.34:537][ 83]LogEditorTransaction: Undo Clicking on Actors
[2020.06.21-18.49.04:420][495]Cmd: OBJ SAVEPACKAGE PACKAGE="/Game/Blueprints/Props/OpenFinalDoor" FILE="D:/00_Pablo/Documentos/Git/Uni/Tercero/LevelDesign/GameTypeOne/Content/Blueprints/Props/OpenFinalDoor.uasset" SILENT=true
[2020.06.21-18.49.04:444][495]LogSavePackage: Moving 'D:/00_Pablo/Documentos/Git/Uni/Tercero/LevelDesign/GameTypeOne/Saved/OpenFinalDoor2FE7ED17473E16365C41E58C957B976A.tmp' to 'D:/00_Pablo/Documentos/Git/Uni/Tercero/LevelDesign/GameTypeOne/Content/Blueprints/Props/OpenFinalDoor.uasset'
[2020.06.21-18.49.04:460][495]AssetCheck: New page: Asset Save: OpenFinalDoor
[2020.06.21-18.49.04:460][495]LogContentValidation: Display: Validating Blueprint /Game/Blueprints/Props/OpenFinalDoor.OpenFinalDoor
[2020.06.21-18.49.05:619][630]BlueprintLog: New page: Compile OpenFinalDoor
[2020.06.21-18.49.05:813][630]LogUObjectHash: Compacting FUObjectHashTables data took   2.59ms
[2020.06.21-18.49.19:113][128]BlueprintLog: New page: Compile OpenFinalDoor
[2020.06.21-18.49.19:307][128]LogUObjectHash: Compacting FUObjectHashTables data took   2.80ms
[2020.06.21-18.49.24:785][721]LogSlate: Window 'Key' being destroyed
[2020.06.21-18.49.24:789][721]LogSlate: Window 'Key' being destroyed
[2020.06.21-18.49.24:798][721]LogWorld: UWorld::CleanupWorld for World_12, bSessionEnded=true, bCleanupResources=true
[2020.06.21-18.49.24:798][721]LogSlate: InvalidateAllWidgets triggered.  All widgets were invalidated
[2020.06.21-18.49.24:833][721]LogActorComponent: UnregisterComponent: (/Engine/Transient.EditorFloorComp) Not registered. Aborting.
[2020.06.21-18.49.24:833][721]LogWorld: UWorld::CleanupWorld for World_13, bSessionEnded=true, bCleanupResources=true
[2020.06.21-18.49.24:833][721]LogSlate: InvalidateAllWidgets triggered.  All widgets were invalidated
[2020.06.21-18.49.24:869][721]LogActorComponent: UnregisterComponent: (/Engine/Transient.EditorFloorComp) Not registered. Aborting.
[2020.06.21-18.49.24:869][721]LogWorld: UWorld::CleanupWorld for World_14, bSessionEnded=true, bCleanupResources=true
[2020.06.21-18.49.24:869][721]LogSlate: InvalidateAllWidgets triggered.  All widgets were invalidated
[2020.06.21-18.49.24:905][721]LogActorComponent: UnregisterComponent: (/Engine/Transient.EditorFloorComp) Not registered. Aborting.
[2020.06.21-18.49.24:905][721]LogWorld: UWorld::CleanupWorld for World_15, bSessionEnded=true, bCleanupResources=true
[2020.06.21-18.49.24:905][721]LogSlate: InvalidateAllWidgets triggered.  All widgets were invalidated
